# JRE version: Java(TM) SE Runtime Environment (17.0.9+11) (build 17.0.9+11-LTS-201)
# Java VM: Java HotSpot(TM) 64-Bit Server VM (17.0.9+11-LTS-201, mixed mode, sharing, tiered, compressed oops, compressed class ptrs, g1 gc, windows-amd64)
GC Precious Log:
 CPUs: 12 total, 12 available
 Memory: 15741M
 Large Page Support: Disabled
 NUMA Support: Disabled
 Compressed Oops: Enabled (Zero based)
 Heap Region Size: 2M
 Heap Min Capacity: 8M
 Heap Initial Capacity: 246M
 Heap Max Capacity: 3936M
 Pre-touch: Disabled
 Parallel Workers: 10
 Concurrent Workers: 3
 Concurrent Refinement Workers: 10
 Periodic GC: Disabled
Heap:
 garbage-first heap   total 286720K, used 177408K [0x000000070a000000, 0x0000000800000000)
  region size 2048K, 4 young (8192K), 4 survivors (8192K)
 Metaspace       used 105146K, committed 105728K, reserved 1179648K
  class space    used 14468K, committed 14720K, reserved 1048576K
GC Heap History (20 events):
Event: 28.842 GC heap after
{Heap after GC invocations=21 (full 0):
 garbage-first heap   total 141312K, used 65023K [0x000000070a000000, 0x0000000800000000)
  region size 2048K, 3 young (6144K), 3 survivors (6144K)
 Metaspace       used 100304K, committed 100800K, reserved 1179648K
  class space    used 13844K, committed 14080K, reserved 1048576K
}
Event: 29.494 GC heap before
{Heap before GC invocations=22 (full 0):
 garbage-first heap   total 141312K, used 110079K [0x000000070a000000, 0x0000000800000000)
  region size 2048K, 25 young (51200K), 3 survivors (6144K)
 Metaspace       used 102684K, committed 103232K, reserved 1179648K
  class space    used 14204K, committed 14464K, reserved 1048576K
}
Event: 29.497 GC heap after
{Heap after GC invocations=23 (full 0):
 garbage-first heap   total 141312K, used 67622K [0x000000070a000000, 0x0000000800000000)
  region size 2048K, 2 young (4096K), 2 survivors (4096K)
 Metaspace       used 102684K, committed 103232K, reserved 1179648K
  class space    used 14204K, committed 14464K, reserved 1048576K
}
Event: 29.920 GC heap before
{Heap before GC invocations=23 (full 0):
 garbage-first heap   total 141312K, used 110630K [0x000000070a000000, 0x0000000800000000)
  region size 2048K, 24 young (49152K), 2 survivors (4096K)
 Metaspace       used 104798K, committed 105344K, reserved 1179648K
  class space    used 14454K, committed 14720K, reserved 1048576K
}
Event: 29.925 GC heap after
{Heap after GC invocations=24 (full 0):
 garbage-first heap   total 141312K, used 75131K [0x000000070a000000, 0x0000000800000000)
  region size 2048K, 3 young (6144K), 3 survivors (6144K)
 Metaspace       used 104798K, committed 105344K, reserved 1179648K
  class space    used 14454K, committed 14720K, reserved 1048576K
}
Event: 29.992 GC heap before
{Heap before GC invocations=25 (full 0):
 garbage-first heap   total 143360K, used 95611K [0x000000070a000000, 0x0000000800000000)
  region size 2048K, 15 young (30720K), 3 survivors (6144K)
 Metaspace       used 104836K, committed 105408K, reserved 1179648K
  class space    used 14454K, committed 14720K, reserved 1048576K
}
Event: 29.997 GC heap after
{Heap after GC invocations=26 (full 0):
 garbage-first heap   total 143360K, used 80030K [0x000000070a000000, 0x0000000800000000)
  region size 2048K, 3 young (6144K), 3 survivors (6144K)
 Metaspace       used 104836K, committed 105408K, reserved 1179648K
  class space    used 14454K, committed 14720K, reserved 1048576K
}
Event: 30.040 GC heap before
{Heap before GC invocations=26 (full 0):
 garbage-first heap   total 143360K, used 114846K [0x000000070a000000, 0x0000000800000000)
  region size 2048K, 19 young (38912K), 3 survivors (6144K)
 Metaspace       used 104839K, committed 105408K, reserved 1179648K
  class space    used 14454K, committed 14720K, reserved 1048576K
}
Event: 30.045 GC heap after
{Heap after GC invocations=27 (full 0):
 garbage-first heap   total 286720K, used 87048K [0x000000070a000000, 0x0000000800000000)
  region size 2048K, 3 young (6144K), 3 survivors (6144K)
 Metaspace       used 104839K, committed 105408K, reserved 1179648K
  class space    used 14454K, committed 14720K, reserved 1048576K
}
Event: 30.533 GC heap before
{Heap before GC invocations=28 (full 0):
 garbage-first heap   total 286720K, used 214024K [0x000000070a000000, 0x0000000800000000)
  region size 2048K, 65 young (133120K), 3 survivors (6144K)
 Metaspace       used 105082K, committed 105600K, reserved 1179648K
  class space    used 14467K, committed 14720K, reserved 1048576K
}
Event: 30.559 GC heap after
{Heap after GC invocations=29 (full 0):
 garbage-first heap   total 286720K, used 118190K [0x000000070a000000, 0x0000000800000000)
  region size 2048K, 9 young (18432K), 9 survivors (18432K)
 Metaspace       used 105082K, committed 105600K, reserved 1179648K
  class space    used 14467K, committed 14720K, reserved 1048576K
}
Event: 30.780 GC heap before
{Heap before GC invocations=29 (full 0):
 garbage-first heap   total 286720K, used 208302K [0x000000070a000000, 0x0000000800000000)
  region size 2048K, 53 young (108544K), 9 survivors (18432K)
 Metaspace       used 105102K, committed 105600K, reserved 1179648K
  class space    used 14467K, committed 14720K, reserved 1048576K
}
Event: 30.795 GC heap after
{Heap after GC invocations=30 (full 0):
 garbage-first heap   total 286720K, used 144701K [0x000000070a000000, 0x0000000800000000)
  region size 2048K, 7 young (14336K), 7 survivors (14336K)
 Metaspace       used 105102K, committed 105600K, reserved 1179648K
  class space    used 14467K, committed 14720K, reserved 1048576K
}
Event: 30.923 GC heap before
{Heap before GC invocations=30 (full 0):
 garbage-first heap   total 286720K, used 212285K [0x000000070a000000, 0x0000000800000000)
  region size 2048K, 41 young (83968K), 7 survivors (14336K)
 Metaspace       used 105116K, committed 105600K, reserved 1179648K
  class space    used 14467K, committed 14720K, reserved 1048576K
}
Event: 30.939 GC heap after
{Heap after GC invocations=31 (full 0):
 garbage-first heap   total 286720K, used 165914K [0x000000070a000000, 0x0000000800000000)
  region size 2048K, 6 young (12288K), 6 survivors (12288K)
 Metaspace       used 105116K, committed 105600K, reserved 1179648K
  class space    used 14467K, committed 14720K, reserved 1048576K
}
Event: 31.094 GC heap before
{Heap before GC invocations=32 (full 0):
 garbage-first heap   total 286720K, used 215066K [0x000000070a000000, 0x0000000800000000)
  region size 2048K, 33 young (67584K), 6 survivors (12288K)
 Metaspace       used 105141K, committed 105728K, reserved 1179648K
  class space    used 14468K, committed 14720K, reserved 1048576K
}
Event: 31.102 GC heap after
{Heap after GC invocations=33 (full 0):
 garbage-first heap   total 286720K, used 174552K [0x000000070a000000, 0x0000000800000000)
  region size 2048K, 5 young (10240K), 5 survivors (10240K)
 Metaspace       used 105141K, committed 105728K, reserved 1179648K
  class space    used 14468K, committed 14720K, reserved 1048576K
}
Event: 31.108 GC heap before
{Heap before GC invocations=33 (full 0):
 garbage-first heap   total 286720K, used 178648K [0x000000070a000000, 0x0000000800000000)
  region size 2048K, 7 young (14336K), 5 survivors (10240K)
 Metaspace       used 105141K, committed 105728K, reserved 1179648K
  class space    used 14468K, committed 14720K, reserved 1048576K
}
Event: 31.115 GC heap after
{Heap after GC invocations=34 (full 0):
 garbage-first heap   total 286720K, used 158756K [0x000000070a000000, 0x0000000800000000)
  region size 2048K, 1 young (2048K), 1 survivors (2048K)
 Metaspace       used 105141K, committed 105728K, reserved 1179648K
  class space    used 14468K, committed 14720K, reserved 1048576K
}
Event: 31.244 GC heap before
{Heap before GC invocations=34 (full 0):
 garbage-first heap   total 286720K, used 218148K [0x000000070a000000, 0x0000000800000000)
  region size 2048K, 31 young (63488K), 1 survivors (2048K)
 Metaspace       used 105146K, committed 105728K, reserved 1179648K
  class space    used 14468K, committed 14720K, reserved 1048576K
}

